<?xml version="1.0" encoding="UTF-8"?>
<testng-results skipped="0" failed="0" ignored="0" total="2" passed="2">
  <reporter-output>
  </reporter-output>
  <suite name="Suite" duration-ms="8572" started-at="2018-08-08T04:42:59Z" finished-at="2018-08-08T04:43:08Z">
    <groups>
    </groups>
    <test name="Test" duration-ms="8572" started-at="2018-08-08T04:42:59Z" finished-at="2018-08-08T04:43:08Z">
      <class name="seleniunInDocker.DownloadTest">
        <test-method status="PASS" signature="setUp()[pri:0, instance:seleniunInDocker.DownloadTest@14b1c02]" name="setUp" is-config="true" duration-ms="2532" started-at="2018-08-07T21:42:59Z" finished-at="2018-08-07T21:43:02Z">
          <reporter-output>
          </reporter-output>
        </test-method> <!-- setUp -->
        <test-method status="PASS" signature="pageObjectForDownload()[pri:0, instance:seleniunInDocker.DownloadTest@14b1c02]" name="pageObjectForDownload" duration-ms="1688" started-at="2018-08-07T21:43:02Z" finished-at="2018-08-07T21:43:03Z">
          <reporter-output>
          </reporter-output>
        </test-method> <!-- pageObjectForDownload -->
        <test-method status="PASS" signature="tearDown()[pri:0, instance:seleniunInDocker.DownloadTest@14b1c02]" name="tearDown" is-config="true" duration-ms="688" started-at="2018-08-07T21:43:07Z" finished-at="2018-08-07T21:43:08Z">
          <reporter-output>
          </reporter-output>
        </test-method> <!-- tearDown -->
      </class> <!-- seleniunInDocker.DownloadTest -->
      <class name="seleniunInDocker.UploadFileTest">
        <test-method status="PASS" signature="uploadFileTest()[pri:0, instance:seleniunInDocker.UploadFileTest@93dd95]" name="uploadFileTest" duration-ms="3634" started-at="2018-08-07T21:43:03Z" finished-at="2018-08-07T21:43:07Z">
          <reporter-output>
          </reporter-output>
        </test-method> <!-- uploadFileTest -->
      </class> <!-- seleniunInDocker.UploadFileTest -->
    </test> <!-- Test -->
  </suite> <!-- Suite -->
</testng-results>
